::1 - - [24/Jun/2025:14:41:09 +0000] "GET /bdhjwdbwj HTTP/1.1" 404 23 "-" "PostmanRuntime/7.44.1"
::1 - - [24/Jun/2025:14:41:14 +0000] "GET /test HTTP/1.1" 200 23 "-" "PostmanRuntime/7.44.1"
::1 - - [24/Jun/2025:14:44:24 +0000] "GET /test HTTP/1.1" 200 23 "-" "Mozilla/5.0 (Macintosh; Intel Mac OS X 10_15_7) AppleWebKit/537.36 (KHTML, like Gecko) Chrome/137.0.0.0 Safari/537.36"
::1 - - [24/Jun/2025:14:44:24 +0000] "GET /favicon.ico HTTP/1.1" 404 23 "http://localhost:8000/test" "Mozilla/5.0 (Macintosh; Intel Mac OS X 10_15_7) AppleWebKit/537.36 (KHTML, like Gecko) Chrome/137.0.0.0 Safari/537.36"
::1 - - [24/Jun/2025:14:44:48 +0000] "GET /test HTTP/1.1" 304 - "-" "Mozilla/5.0 (Macintosh; Intel Mac OS X 10_15_7) AppleWebKit/537.36 (KHTML, like Gecko) Chrome/137.0.0.0 Safari/537.36"
::1 - - [24/Jun/2025:15:02:46 +0000] "POST /api/user/signup HTTP/1.1" 400 59 "-" "PostmanRuntime/7.44.1"
::1 - - [24/Jun/2025:15:03:45 +0000] "POST /api/user/signup HTTP/1.1" 400 59 "-" "PostmanRuntime/7.44.1"
::1 - - [24/Jun/2025:15:04:13 +0000] "POST /api/user/signup HTTP/1.1" 400 59 "-" "PostmanRuntime/7.44.1"
::1 - - [24/Jun/2025:15:08:04 +0000] "POST /api/user/signup HTTP/1.1" 400 383 "-" "PostmanRuntime/7.44.1"
::1 - - [24/Jun/2025:15:08:49 +0000] "POST /api/user/signup HTTP/1.1" 201 190 "-" "PostmanRuntime/7.44.1"
::1 - - [24/Jun/2025:15:15:23 +0000] "POST /api/user/login HTTP/1.1" 200 36 "-" "PostmanRuntime/7.44.1"
::1 - - [24/Jun/2025:15:15:40 +0000] "POST /api/user/login HTTP/1.1" 200 33 "-" "PostmanRuntime/7.44.1"
::1 - - [24/Jun/2025:15:23:09 +0000] "POST /api/user/signup HTTP/1.1" 201 35 "-" "PostmanRuntime/7.44.1"
::1 - - [24/Jun/2025:15:24:08 +0000] "POST /api/user/signup HTTP/1.1" 201 242 "-" "PostmanRuntime/7.44.1"
::1 - - [24/Jun/2025:15:27:17 +0000] "POST /api/user/login HTTP/1.1" 200 33 "-" "PostmanRuntime/7.44.1"
::1 - - [24/Jun/2025:15:27:58 +0000] "POST /api/user/login HTTP/1.1" 200 33 "-" "PostmanRuntime/7.44.1"
::1 - - [24/Jun/2025:15:28:56 +0000] "POST /api/user/login HTTP/1.1" 200 33 "-" "PostmanRuntime/7.44.1"
::1 - - [24/Jun/2025:15:28:59 +0000] "POST /api/user/login HTTP/1.1" 200 33 "-" "PostmanRuntime/7.44.1"
::1 - - [24/Jun/2025:15:29:13 +0000] "POST /api/user/login HTTP/1.1" 200 33 "-" "PostmanRuntime/7.44.1"
::1 - - [24/Jun/2025:15:29:56 +0000] "POST /api/user/login HTTP/1.1" 401 24 "-" "PostmanRuntime/7.44.1"
::1 - - [24/Jun/2025:15:30:03 +0000] "POST /api/user/login HTTP/1.1" 200 33 "-" "PostmanRuntime/7.44.1"
::1 - - [24/Jun/2025:15:30:05 +0000] "POST /api/user/login HTTP/1.1" 200 33 "-" "PostmanRuntime/7.44.1"
